Awaiting test start
Grabbed data from display
Initializing hw via init1
Initializing hw via init2
[SMC100 sent] 1TS?
[SMC100 read] 1TS008010
[SMC100 sent] 1TP?
[SMC100 read] 1TP-0.00004
Position: -4e-05
Status: 10
Cycle: 1
[SMC100 sent] 1OR
[SMC100 sent] 1PA0.0
Sleep: 113
[SMC100 sent] 1TS?
[SMC100 read] 1TS00001E
[SMC100 sent] 1TP?
[SMC100 read] 1TP-0.08452
Position: -0.08452
Status: 1E
Cycle: 1
[SMC100 sent] 1OR
[SMC100 sent] 1PA0.0
Sleep: 112
[SMC100 sent] 1TS?
[SMC100 read] 1TS00001E
[SMC100 sent] 1TP?
[SMC100 read] 1TP-0.17123
Position: -0.17123
Status: 1E
Cycle: 1
[SMC100 sent] 1OR
[SMC100 sent] 1PA0.0
Sleep: 90
[SMC100 sent] 1TS?
[SMC100 read] 1TS00001E
[SMC100 sent] 1TP?
[SMC100 read] 1TP-0.23745
Position: -0.23745
Status: 1E
Cycle: 1
[SMC100 sent] 1OR
[SMC100 sent] 1PA0.0
Sleep: 123
[SMC100 sent] 1TS?
[SMC100 read] 1TS00001E
[SMC100 sent] 1TP?
[SMC100 read] 1TP-0.15651
Position: -0.15651
Status: 1E
Cycle: 1
[SMC100 sent] 1OR
[SMC100 sent] 1PA0.0
Sleep: 98
[SMC100 sent] 1TS?
[SMC100 read] 1TS00001E
[SMC100 sent] 1TP?
[SMC100 read] 1TP-0.10533
Position: -0.10533
Status: 1E
Cycle: 1
[SMC100 sent] 1OR
[SMC100 sent] 1PA0.0
Sleep: 102
[SMC100 sent] 1TS?
[SMC100 read] 1TS00001E
[SMC100 sent] 1TP?
[SMC100 read] 1TP-0.19339
Position: -0.19339
Status: 1E
Cycle: 1
[SMC100 sent] 1OR
[SMC100 sent] 1PA0.0
Sleep: 89
[SMC100 sent] 1TS?
[SMC100 read] 1TS00001E
[SMC100 sent] 1TP?
[SMC100 read] 1TP-0.21774
Position: -0.21774
Status: 1E
Cycle: 1
[SMC100 sent] 1OR
[SMC100 sent] 1PA0.0
Sleep: 94
[SMC100 sent] 1TS?
[SMC100 read] 1TS00001E
[SMC100 sent] 1TP?
[SMC100 read] 1TP-0.14055
Position: -0.14055
Status: 1E
Cycle: 1
[SMC100 sent] 1OR
[SMC100 sent] 1PA0.0
Sleep: 97
[SMC100 sent] 1TS?
[SMC100 read] 1TS00001E
[SMC100 sent] 1TP?
[SMC100 read] 1TP0.00032
Position: 0.00032
Status: 1E
Cycle: 1
[SMC100 sent] 1OR
[SMC100 sent] 1PA0.0
Sleep: 99
[SMC100 sent] 1TS?
[SMC100 read] 1TS000032
[SMC100 sent] 1TP?
[SMC100 read] 1TP-0.00000
Position: -0.0
Status: 32
Cycle: 1
[SMC100 sent] 1OR
[SMC100 sent] 1PA0.0
Sleep: 104
[SMC100 sent] 1TS?
[SMC100 read] 1TS000032
[SMC100 sent] 1TP?
[SMC100 read] 1TP-0.00000
Position: -0.0
Status: 32
Cycle: 1
[SMC100 sent] 1PA25
